info it worked if it ends with ok
verbose cli [ 'node',
verbose cli   '/Users/michaelhemesath/.nvm/v0.4.10/bin/npm',
verbose cli   'install' ]
info using npm@1.0.18
info using node@v0.4.10
verbose config file /Users/michaelhemesath/.npmrc
verbose config file /Users/michaelhemesath/.nvm/v0.4.10/etc/npmrc
ERR! Couldn't read dependencies.
ERR! Error: ENOENT, No such file or directory '/Users/michaelhemesath/Projects/package.json'
ERR! Report this *entire* log at:
ERR!     <http://github.com/isaacs/npm/issues>
ERR! or email it to:
ERR!     <npm-@googlegroups.com>
ERR! 
ERR! System Darwin 10.8.0
ERR! command "node" "/Users/michaelhemesath/.nvm/v0.4.10/bin/npm" "install"
ERR! cwd /Users/michaelhemesath/Projects/hq/enginehq
ERR! node -v v0.4.10
ERR! npm -v 1.0.18
verbose exit [ 2, true ]
